<?xml version="1.0" encoding="UTF-8"?>
<testng-results ignored="0" total="1" passed="1" failed="0" skipped="0">
  <reporter-output>
  </reporter-output>
  <suite started-at="2024-03-24T13:02:34 EET" name="Default suite" finished-at="2024-03-24T13:02:52 EET" duration-ms="18422">
    <groups>
      <group name="cucumber">
        <method signature="AbstractTestNGCucumberTests.runScenario(io.cucumber.testng.PickleWrapper,io.cucumber.testng.FeatureWrapper)[pri:0, instance:runners.TestRunner@53aac487]" name="runScenario" class="io.cucumber.testng.AbstractTestNGCucumberTests"/>
      </group> <!-- cucumber -->
    </groups>
    <test started-at="2024-03-24T13:02:34 EET" name="Default test" finished-at="2024-03-24T13:02:52 EET" duration-ms="18422">
      <class name="runners.TestRunner">
        <test-method is-config="true" signature="setUpClass(org.testng.ITestContext)[pri:0, instance:runners.TestRunner@53aac487]" started-at="2024-03-24T13:02:34 EET" name="setUpClass" finished-at="2024-03-24T13:02:34 EET" duration-ms="842" status="PASS">
          <params>
            <param index="0">
              <value>
                <![CDATA[org.testng.TestRunner@1317b708]]>
              </value>
            </param>
          </params>
          <reporter-output>
          </reporter-output>
        </test-method> <!-- setUpClass -->
        <test-method is-config="true" signature="setupDriver()[pri:0, instance:runners.TestRunner@53aac487]" started-at="2024-03-24T13:02:34 EET" name="setupDriver" finished-at="2024-03-24T13:02:41 EET" duration-ms="6295" status="PASS">
          <reporter-output>
          </reporter-output>
        </test-method> <!-- setupDriver -->
        <test-method signature="runScenario(io.cucumber.testng.PickleWrapper,io.cucumber.testng.FeatureWrapper)[pri:0, instance:runners.TestRunner@53aac487]" started-at="2024-03-24T13:02:41 EET" name="runScenario" description="Runs Cucumber Scenarios" data-provider="scenarios" finished-at="2024-03-24T13:02:52 EET" duration-ms="11118" status="PASS">
          <params>
            <param index="0">
              <value>
                <![CDATA["Validate that user can add External URLs to his profile"]]>
              </value>
            </param>
            <param index="1">
              <value>
                <![CDATA["Visit Wekipedia and validate authentication"]]>
              </value>
            </param>
          </params>
          <reporter-output>
          </reporter-output>
        </test-method> <!-- runScenario -->
        <test-method is-config="true" signature="teardownDriver()[pri:0, instance:runners.TestRunner@53aac487]" started-at="2024-03-24T13:02:52 EET" name="teardownDriver" finished-at="2024-03-24T13:02:52 EET" duration-ms="95" status="PASS">
          <reporter-output>
          </reporter-output>
        </test-method> <!-- teardownDriver -->
        <test-method is-config="true" signature="tearDownClass()[pri:0, instance:runners.TestRunner@53aac487]" started-at="2024-03-24T13:02:52 EET" name="tearDownClass" finished-at="2024-03-24T13:02:52 EET" duration-ms="27" status="PASS">
          <reporter-output>
          </reporter-output>
        </test-method> <!-- tearDownClass -->
      </class> <!-- runners.TestRunner -->
    </test> <!-- Default test -->
  </suite> <!-- Default suite -->
</testng-results>
